 mfold version 3.1 by Michael Zuker & Doug Turner 
 Enter run type
     0  Regular run (default)
     1  Save run
     2  Continuation run
  
 Enter save file name (default fold.sav)

 Input sequence file name  (q to quit)  

 Available sequence(s) in mdv1.seq                                

   1) MDV-1 (-) RNA                                     

 Choose sequence by number [default is  1],                     or enter  F  for a new file: 

   Length of retrieved sequence =    221



 MDV-1 (-) RNA                                             221 nucleotides

 Enter start of fragment (default 1)
 Enter end of fragment (default    221)
 Enter asymmetric interior loop of size 3 energy file name
 (default asint1x2.dat)
 Enter asymmetric interior loop of size 5 energy file name
 (default asint2x3.dat)
 Enter dangle energy file name (default dangle.dat)
 Enter loop energy file name (default loop.dat)
 Enter misc. loop energy file name (default miscloop.dat)
 Enter symmetric interior loop of size 2 energy file
  name (default sint2.dat)
 Enter symmetric interior loop of size 4 energy file
  name (default sint4.dat)
 Enter symmetric interior loop of size 6 energy file
  name (default sint6.dat)
 Enter stack energy file name (default stack.dat)
 Enter tetraloop energy file name (default tloop.dat)
 Enter triloop energy file name (default triloop.dat)
 Enter tstackh energy file name (default tstackh.dat)
 Enter tstacki energy file name (default tstacki.dat)

          1  Energy Parameter           7  Double Prohibit 
          2  Single Force               8  Prohibit Range  
          3  Double Force               9  Maximum distance
          4  Closed Excision           10  Begin folding   
          5  Open Excision             11  Show current    
          6  Single Prohibit           12  Clear current   

 Enter Choice   
 Enter save file name (default fold.sav)
 Enter helix file name 
 >
vmin =  -145.3. Enter energy increment >
Enter number of levels >
Removing helices of length less than 2
mdv1.plot replaced by new file.
 Enter save file name (default fold.sav)
 Enter p-num file name 
 >
vmin =  -145.3. Enter energy increment >
 
    ====>  Output file is  mdv1.h-num
 
 mfold version 3.1 by Michael Zuker & Doug Turner 
 Enter run type
     0  Regular run (default)
     1  Save run
     2  Continuation run
  
 Enter run mode
     0  Sub-optimal plot (default)
     1  N-best
     2  Multiple Molecules
  

 Enter percentage for sort (default 0)  

 Enter number of tracebacks (default 1)  

 Enter window size (default 0)  
  
 Enter save file name (default fold.sav)
 Enter file name for continuation dump (return for terminal)
  No choices currently defined
   Energy Parameters


             Energy Parameters (10ths kcal/mole)

           1 Extra stack energy                        [    0]
           2 Extra bulge energy                        [    0]
           3 Extra loop energy (interior)              [    0]
           4 Extra loop energy (hairpin)               [    0]
           5 Extra loop energy (multi)                 [  340]
           6 Multi loop energy/single-stranded base    [    0]
           7 Maximum size of interior loop             [   30]
           8 Maximum lopsidedness of an interior loop  [   30]
           9 Multi loop energy/closing base pair       [   40]
          10 Helix penalty per non-GC closing pair     [   50]
          11 GGG hairpin bonus                         [ -220]
          12 poly-C loop penalty: slope                [   30]
          13 poly-C loop penalty: intercept            [  160]
          14 poly-C loop penalty: hairpin of size 3    [  140]
          15 Intermolecular initiation free energy     [  410]
          16 GAIL Rule - 1 for version 3 rules only    [    1]


 Listing of energy files? (y/N)
Do you want printer output? (Y,n) 
Output to terminal? (Y,n) 
Enter output file name (default MDV_1_____RNA.out_________________________________          )
Do you want ct file? (y,N) 
Enter ct file name (default MDV_1_____RNA.ct _________________________________          )
Do you want a detailed ddG table? (y,N) 
Enter detailed ddG table file name (default MDV_1_____RNA.det_________________________________          )
  
 End reached at traceback     6



 boxplot_ng Version 2.0 


 Trying to open  mdv1.plot
 number of helices is 91
 There are 91 helices in the plot file.
 Postscript file is     mdv1.ps
 Creating gif 612 by 792 
 gif file is            mdv1.gif

 GIFDAT file is mdv1.gifdat
 Normal exit from boxplot_ng 

CurrentFile= mdv1-temp_1.ct
CurrentFile= mdv1-temp_2.ct
CurrentFile= mdv1-temp_3.ct
CurrentFile= mdv1-temp_4.ct
CurrentFile= mdv1-temp_5.ct
CurrentFile= mdv1-temp_6.ct
221 bases specified in file. Title is 
   dG = -143.45  [initially  -145.3]    MDV-1 (-) RNA
Please specify a PLT2 device string:
Please specify the plotter device dimensions in cm.
Horizontal then vertical sizes separated by a space:
Should bases be displayed? Should loops numbers be displayed? Please specify the minimum permissible separation between bases.
A size > 1.000000 will be reduced to 1.000000.
Do you want to change loop radii? Please specify the character size:
Do you want base pairs drawn as dots? What frequency for labeling bases (specify 0 for none)?
Do you want a mosaic? Please specify a rotation for the drawing (positive is clockwise):
Now constructing tree of loops...
Now constructing the drawing...
Now writing PLT2 commands...
All done.



 plt22ps 


 Trying to open  mdv1_1.plt2

 Portrait test of width/height= 0.879   indicates  Portrait mode
 Values < 1.2 are  portrait

 trying to open mdv1.ann
 color annotation file is mdv1.ann.col.html
 There are  221 bases.
 postscript  file: mdv1_1.ps

 Normal exit from plt22ps 




 plt22gif 


 Command line arguments were ... plt22gif -c -d -t h -r 72 -x mdv1_1.plt2

 Trying to open  mdv1_1.plt2
 Creating gif   612 by 792 

 trying to open mdv1.ann
 mdv1.ann.col.html Already exists, not created

 There are  221 bases.
 x_filename is mdv1_1.gif2bp
 Base Pair file: mdv1_1.gif2bp
 GIF  file: mdv1_1.gif

 Normal exit from plt22gif 


 Generating STRED file from  mdv1_1.ct  and  mdv1_1.plt2

221 bases specified in file. Title is 
   dG = -139.86  [initially  -141.8]    MDV-1 (-) RNA
Please specify a PLT2 device string:
Please specify the plotter device dimensions in cm.
Horizontal then vertical sizes separated by a space:
Should bases be displayed? Should loops numbers be displayed? Please specify the minimum permissible separation between bases.
A size > 1.000000 will be reduced to 1.000000.
Do you want to change loop radii? Please specify the character size:
Do you want base pairs drawn as dots? What frequency for labeling bases (specify 0 for none)?
Do you want a mosaic? Please specify a rotation for the drawing (positive is clockwise):
Now constructing tree of loops...
Now constructing the drawing...
Now writing PLT2 commands...
All done.



 plt22ps 


 Trying to open  mdv1_2.plt2

 Portrait test of width/height= 0.520   indicates  Portrait mode
 Values < 1.2 are  portrait

 trying to open mdv1.ann
 mdv1.ann.col.html Already exists, not created

 There are  221 bases.
 postscript  file: mdv1_2.ps

 Normal exit from plt22ps 




 plt22gif 


 Command line arguments were ... plt22gif -c -d -t h -r 72 -x mdv1_2.plt2

 Trying to open  mdv1_2.plt2
 Creating gif   612 by 792 

 trying to open mdv1.ann
 mdv1.ann.col.html Already exists, not created

 There are  221 bases.
 x_filename is mdv1_2.gif2bp
 Base Pair file: mdv1_2.gif2bp
 GIF  file: mdv1_2.gif

 Normal exit from plt22gif 


 Generating STRED file from  mdv1_2.ct  and  mdv1_2.plt2

221 bases specified in file. Title is 
   dG = -142.73  [initially  -140.8]    MDV-1 (-) RNA
Please specify a PLT2 device string:
Please specify the plotter device dimensions in cm.
Horizontal then vertical sizes separated by a space:
Should bases be displayed? Should loops numbers be displayed? Please specify the minimum permissible separation between bases.
A size > 1.000000 will be reduced to 1.000000.
Do you want to change loop radii? Please specify the character size:
Do you want base pairs drawn as dots? What frequency for labeling bases (specify 0 for none)?
Do you want a mosaic? Please specify a rotation for the drawing (positive is clockwise):
Now constructing tree of loops...
Now constructing the drawing...
Now writing PLT2 commands...
All done.



 plt22ps 


 Trying to open  mdv1_3.plt2

 Portrait test of width/height= 1.191   indicates  Portrait mode
 Values < 1.2 are  portrait

 trying to open mdv1.ann
 mdv1.ann.col.html Already exists, not created

 There are  221 bases.
 postscript  file: mdv1_3.ps

 Normal exit from plt22ps 




 plt22gif 


 Command line arguments were ... plt22gif -c -d -t h -r 72 -x mdv1_3.plt2

 Trying to open  mdv1_3.plt2
 Creating gif   612 by 792 

 trying to open mdv1.ann
 mdv1.ann.col.html Already exists, not created

 There are  221 bases.
 x_filename is mdv1_3.gif2bp
 Base Pair file: mdv1_3.gif2bp
 GIF  file: mdv1_3.gif

 Normal exit from plt22gif 


 Generating STRED file from  mdv1_3.ct  and  mdv1_3.plt2

221 bases specified in file. Title is 
   dG = -140.42  [initially  -139.7]    MDV-1 (-) RNA
Please specify a PLT2 device string:
Please specify the plotter device dimensions in cm.
Horizontal then vertical sizes separated by a space:
Should bases be displayed? Should loops numbers be displayed? Please specify the minimum permissible separation between bases.
A size > 1.000000 will be reduced to 1.000000.
Do you want to change loop radii? Please specify the character size:
Do you want base pairs drawn as dots? What frequency for labeling bases (specify 0 for none)?
Do you want a mosaic? Please specify a rotation for the drawing (positive is clockwise):
Now constructing tree of loops...
Now constructing the drawing...
Now writing PLT2 commands...
All done.



 plt22ps 


 Trying to open  mdv1_4.plt2

 Portrait test of width/height= 0.739   indicates  Portrait mode
 Values < 1.2 are  portrait

 trying to open mdv1.ann
 mdv1.ann.col.html Already exists, not created

 There are  221 bases.
 postscript  file: mdv1_4.ps

 Normal exit from plt22ps 




 plt22gif 


 Command line arguments were ... plt22gif -c -d -t h -r 72 -x mdv1_4.plt2

 Trying to open  mdv1_4.plt2
 Creating gif   612 by 792 

 trying to open mdv1.ann
 mdv1.ann.col.html Already exists, not created

 There are  221 bases.
 x_filename is mdv1_4.gif2bp
 Base Pair file: mdv1_4.gif2bp
 GIF  file: mdv1_4.gif

 Normal exit from plt22gif 


 Generating STRED file from  mdv1_4.ct  and  mdv1_4.plt2

221 bases specified in file. Title is 
   dG = -137.86  [initially  -139.5]    MDV-1 (-) RNA
Please specify a PLT2 device string:
Please specify the plotter device dimensions in cm.
Horizontal then vertical sizes separated by a space:
Should bases be displayed? Should loops numbers be displayed? Please specify the minimum permissible separation between bases.
A size > 1.000000 will be reduced to 1.000000.
Do you want to change loop radii? Please specify the character size:
Do you want base pairs drawn as dots? What frequency for labeling bases (specify 0 for none)?
Do you want a mosaic? Please specify a rotation for the drawing (positive is clockwise):
Now constructing tree of loops...
Now constructing the drawing...
Now writing PLT2 commands...
All done.



 plt22ps 


 Trying to open  mdv1_5.plt2

 Portrait test of width/height= 0.918   indicates  Portrait mode
 Values < 1.2 are  portrait

 trying to open mdv1.ann
 mdv1.ann.col.html Already exists, not created

 There are  221 bases.
 postscript  file: mdv1_5.ps

 Normal exit from plt22ps 




 plt22gif 


 Command line arguments were ... plt22gif -c -d -t h -r 72 -x mdv1_5.plt2

 Trying to open  mdv1_5.plt2
 Creating gif   612 by 792 

 trying to open mdv1.ann
 mdv1.ann.col.html Already exists, not created

 There are  221 bases.
 x_filename is mdv1_5.gif2bp
 Base Pair file: mdv1_5.gif2bp
 GIF  file: mdv1_5.gif

 Normal exit from plt22gif 


 Generating STRED file from  mdv1_5.ct  and  mdv1_5.plt2

221 bases specified in file. Title is 
   dG = -139.93  [initially  -138.5]    MDV-1 (-) RNA
Please specify a PLT2 device string:
Please specify the plotter device dimensions in cm.
Horizontal then vertical sizes separated by a space:
Should bases be displayed? Should loops numbers be displayed? Please specify the minimum permissible separation between bases.
A size > 1.000000 will be reduced to 1.000000.
Do you want to change loop radii? Please specify the character size:
Do you want base pairs drawn as dots? What frequency for labeling bases (specify 0 for none)?
Do you want a mosaic? Please specify a rotation for the drawing (positive is clockwise):
Now constructing tree of loops...
Now constructing the drawing...
Now writing PLT2 commands...
All done.



 plt22ps 


 Trying to open  mdv1_6.plt2

 Portrait test of width/height= 0.601   indicates  Portrait mode
 Values < 1.2 are  portrait

 trying to open mdv1.ann
 mdv1.ann.col.html Already exists, not created

 There are  221 bases.
 postscript  file: mdv1_6.ps

 Normal exit from plt22ps 




 plt22gif 


 Command line arguments were ... plt22gif -c -d -t h -r 72 -x mdv1_6.plt2

 Trying to open  mdv1_6.plt2
 Creating gif   612 by 792 

 trying to open mdv1.ann
 mdv1.ann.col.html Already exists, not created

 There are  221 bases.
 x_filename is mdv1_6.gif2bp
 Base Pair file: mdv1_6.gif2bp
 GIF  file: mdv1_6.gif

 Normal exit from plt22gif 


 Generating STRED file from  mdv1_6.ct  and  mdv1_6.plt2

